


ARM Macro Assembler    Page 1 


    1 00000000         ;/******************************************************
                       ********************//**
    2 00000000         ; * @file startup_efm32jg1b.s
    3 00000000         ; * @brief    CMSIS Core Device Startup File for
    4 00000000         ; *           Silicon Labs EFM32JG1B Device Series
    5 00000000         ; * @version 5.1.2
    6 00000000         ; * @date     03. February 2012
    7 00000000         ; *
    8 00000000         ; * @note
    9 00000000         ; * Copyright (C) 2012 ARM Limited. All rights reserved.
                       
   10 00000000         ; *
   11 00000000         ; * @par
   12 00000000         ; * ARM Limited (ARM) is supplying this software for use
                        with Cortex-M
   13 00000000         ; * processor based microcontrollers.  This file can be 
                       freely distributed
   14 00000000         ; * within development tools that are supporting such AR
                       M based processors.
   15 00000000         ; *
   16 00000000         ; * @par
   17 00000000         ; * THIS SOFTWARE IS PROVIDED "AS IS".  NO WARRANTIES, W
                       HETHER EXPRESS, IMPLIED
   18 00000000         ; * OR STATUTORY, INCLUDING, BUT NOT LIMITED TO, IMPLIED
                        WARRANTIES OF
   19 00000000         ; * MERCHANTABILITY AND FITNESS FOR A PARTICULAR PURPOSE
                        APPLY TO THIS SOFTWARE.
   20 00000000         ; * ARM SHALL NOT, IN ANY CIRCUMSTANCES, BE LIABLE FOR S
                       PECIAL, INCIDENTAL, OR
   21 00000000         ; * CONSEQUENTIAL DAMAGES, FOR ANY REASON WHATSOEVER.
   22 00000000         ; *
   23 00000000         ; ******************************************************
                       ************************/
   24 00000000         ;/*
   25 00000000         ;//-------- <<< Use Configuration Wizard in Context Menu
                        >>> ------------------
   26 00000000         ;*/
   27 00000000         
   28 00000000         ; <h> Stack Configuration
   29 00000000         ;   <o> Stack Size (in Bytes) <0x0-0xFFFFFFFF:8>
   30 00000000         ; </h>
   31 00000000                 IF               :DEF: __STACK_SIZE
   34 00000000 00000400 
                       Stack_Size
                               EQU              0x00000400
   35 00000000                 ENDIF
   36 00000000         
   37 00000000                 AREA             STACK, NOINIT, READWRITE, ALIGN
=3
   38 00000000         Stack_Mem
                               SPACE            Stack_Size
   39 00000400         __initial_sp
   40 00000400         
   41 00000400         
   42 00000400         ; <h> Heap Configuration
   43 00000400         ;   <o>  Heap Size (in Bytes) <0x0-0xFFFFFFFF:8>
   44 00000400         ; </h>
   45 00000400                 IF               :DEF: __HEAP_SIZE
   48 00000400 00000C00 



ARM Macro Assembler    Page 2 


                       Heap_Size
                               EQU              0x00000C00
   49 00000400                 ENDIF
   50 00000400         
   51 00000400                 AREA             HEAP, NOINIT, READWRITE, ALIGN=
3
   52 00000000         __heap_base
   53 00000000         Heap_Mem
                               SPACE            Heap_Size
   54 00000C00         __heap_limit
   55 00000C00         
   56 00000C00         
   57 00000C00                 PRESERVE8
   58 00000C00                 THUMB
   59 00000C00         
   60 00000C00         
   61 00000C00         ; Vector Table Mapped to Address 0 at Reset
   62 00000C00         
   63 00000C00                 AREA             RESET, DATA, READONLY, ALIGN=8
   64 00000000                 EXPORT           __Vectors
   65 00000000                 EXPORT           __Vectors_End
   66 00000000                 EXPORT           __Vectors_Size
   67 00000000         
   68 00000000 00000000 
                       __Vectors
                               DCD              __initial_sp ; Top of Stack
   69 00000004 00000000        DCD              Reset_Handler ; Reset Handler
   70 00000008 00000000        DCD              NMI_Handler ; NMI Handler
   71 0000000C 00000000        DCD              HardFault_Handler ; Hard Fault 
                                                            Handler
   72 00000010 00000000        DCD              MemManage_Handler 
                                                            ; MPU Fault Handler
                                                            
   73 00000014 00000000        DCD              BusFault_Handler 
                                                            ; Bus Fault Handler
                                                            
   74 00000018 00000000        DCD              UsageFault_Handler ; Usage Faul
                                                            t Handler
   75 0000001C 00000000        DCD              0           ; Reserved
   76 00000020 00000000        DCD              0           ; Reserved
   77 00000024 00000000        DCD              0           ; Reserved
   78 00000028 00000000        DCD              0           ; Reserved
   79 0000002C 00000000        DCD              SVC_Handler ; SVCall Handler
   80 00000030 00000000        DCD              DebugMon_Handler ; Debug Monito
                                                            r Handler
   81 00000034 00000000        DCD              0           ; Reserved
   82 00000038 00000000        DCD              PendSV_Handler ; PendSV Handler
                                                            
   83 0000003C 00000000        DCD              SysTick_Handler 
                                                            ; SysTick Handler
   84 00000040         
   85 00000040         ; External Interrupts
   86 00000040         
   87 00000040 00000000        DCD              EMU_IRQHandler 
                                                            ; 0: EMU Interrupt
   88 00000044 00000000        DCD              0           ; 1: Reserved
   89 00000048 00000000        DCD              WDOG0_IRQHandler ; 2: WDOG0 Int
                                                            errupt
   90 0000004C 00000000        DCD              0           ; 3: Reserved



ARM Macro Assembler    Page 3 


   91 00000050 00000000        DCD              0           ; 4: Reserved
   92 00000054 00000000        DCD              0           ; 5: Reserved
   93 00000058 00000000        DCD              0           ; 6: Reserved
   94 0000005C 00000000        DCD              0           ; 7: Reserved
   95 00000060 00000000        DCD              LDMA_IRQHandler 
                                                            ; 8: LDMA Interrupt
                                                            
   96 00000064 00000000        DCD              GPIO_EVEN_IRQHandler ; 9: GPIO_
                                                            EVEN Interrupt
   97 00000068 00000000        DCD              TIMER0_IRQHandler ; 10: TIMER0 
                                                            Interrupt
   98 0000006C 00000000        DCD              USART0_RX_IRQHandler ; 11: USAR
                                                            T0_RX Interrupt
   99 00000070 00000000        DCD              USART0_TX_IRQHandler ; 12: USAR
                                                            T0_TX Interrupt
  100 00000074 00000000        DCD              ACMP0_IRQHandler ; 13: ACMP0 In
                                                            terrupt
  101 00000078 00000000        DCD              ADC0_IRQHandler ; 14: ADC0 Inte
                                                            rrupt
  102 0000007C 00000000        DCD              IDAC0_IRQHandler ; 15: IDAC0 In
                                                            terrupt
  103 00000080 00000000        DCD              I2C0_IRQHandler ; 16: I2C0 Inte
                                                            rrupt
  104 00000084 00000000        DCD              GPIO_ODD_IRQHandler ; 17: GPIO_
                                                            ODD Interrupt
  105 00000088 00000000        DCD              TIMER1_IRQHandler ; 18: TIMER1 
                                                            Interrupt
  106 0000008C 00000000        DCD              USART1_RX_IRQHandler ; 19: USAR
                                                            T1_RX Interrupt
  107 00000090 00000000        DCD              USART1_TX_IRQHandler ; 20: USAR
                                                            T1_TX Interrupt
  108 00000094 00000000        DCD              LEUART0_IRQHandler ; 21: LEUART
                                                            0 Interrupt
  109 00000098 00000000        DCD              PCNT0_IRQHandler ; 22: PCNT0 In
                                                            terrupt
  110 0000009C 00000000        DCD              CMU_IRQHandler 
                                                            ; 23: CMU Interrupt
                                                            
  111 000000A0 00000000        DCD              MSC_IRQHandler 
                                                            ; 24: MSC Interrupt
                                                            
  112 000000A4 00000000        DCD              CRYPTO_IRQHandler ; 25: CRYPTO 
                                                            Interrupt
  113 000000A8 00000000        DCD              LETIMER0_IRQHandler ; 26: LETIM
                                                            ER0 Interrupt
  114 000000AC 00000000        DCD              0           ; 27: Reserved
  115 000000B0 00000000        DCD              0           ; 28: Reserved
  116 000000B4 00000000        DCD              RTCC_IRQHandler ; 29: RTCC Inte
                                                            rrupt
  117 000000B8 00000000        DCD              0           ; 30: Reserved
  118 000000BC 00000000        DCD              CRYOTIMER_IRQHandler ; 31: CRYO
                                                            TIMER Interrupt
  119 000000C0 00000000        DCD              0           ; 32: Reserved
  120 000000C4 00000000        DCD              0           ; 33: Reserved
  121 000000C8         
  122 000000C8         __Vectors_End
  123 000000C8 000000C8 
                       __Vectors_Size
                               EQU              __Vectors_End - __Vectors



ARM Macro Assembler    Page 4 


  124 000000C8         
  125 000000C8                 AREA             |.text|, CODE, READONLY
  126 00000000         
  127 00000000         
  128 00000000         ; Reset Handler
  129 00000000         
  130 00000000         Reset_Handler
                               PROC
  131 00000000                 EXPORT           Reset_Handler             [WEAK
]
  132 00000000                 IMPORT           SystemInit
  133 00000000                 IMPORT           __main
  134 00000000 4806            LDR              R0, =SystemInit
  135 00000002 4780            BLX              R0
  136 00000004 4806            LDR              R0, =__main
  137 00000006 4700            BX               R0
  138 00000008                 ENDP
  139 00000008         
  140 00000008         
  141 00000008         ; Dummy Exception Handlers (infinite loops which can be 
                       modified)
  142 00000008         
  143 00000008         NMI_Handler
                               PROC
  144 00000008                 EXPORT           NMI_Handler               [WEAK
]
  145 00000008 E7FE            B                .
  146 0000000A                 ENDP
  148 0000000A         HardFault_Handler
                               PROC
  149 0000000A                 EXPORT           HardFault_Handler         [WEAK
]
  150 0000000A E7FE            B                .
  151 0000000C                 ENDP
  153 0000000C         MemManage_Handler
                               PROC
  154 0000000C                 EXPORT           MemManage_Handler         [WEAK
]
  155 0000000C E7FE            B                .
  156 0000000E                 ENDP
  158 0000000E         BusFault_Handler
                               PROC
  159 0000000E                 EXPORT           BusFault_Handler          [WEAK
]
  160 0000000E E7FE            B                .
  161 00000010                 ENDP
  163 00000010         UsageFault_Handler
                               PROC
  164 00000010                 EXPORT           UsageFault_Handler        [WEAK
]
  165 00000010 E7FE            B                .
  166 00000012                 ENDP
  167 00000012         SVC_Handler
                               PROC
  168 00000012                 EXPORT           SVC_Handler               [WEAK
]
  169 00000012 E7FE            B                .
  170 00000014                 ENDP
  172 00000014         DebugMon_Handler



ARM Macro Assembler    Page 5 


                               PROC
  173 00000014                 EXPORT           DebugMon_Handler          [WEAK
]
  174 00000014 E7FE            B                .
  175 00000016                 ENDP
  176 00000016         PendSV_Handler
                               PROC
  177 00000016                 EXPORT           PendSV_Handler            [WEAK
]
  178 00000016 E7FE            B                .
  179 00000018                 ENDP
  180 00000018         SysTick_Handler
                               PROC
  181 00000018                 EXPORT           SysTick_Handler           [WEAK
]
  182 00000018 E7FE            B                .
  183 0000001A                 ENDP
  184 0000001A         
  185 0000001A         Default_Handler
                               PROC
  186 0000001A         
  187 0000001A                 EXPORT           EMU_IRQHandler        [WEAK]
  188 0000001A                 EXPORT           WDOG0_IRQHandler        [WEAK]
  189 0000001A                 EXPORT           LDMA_IRQHandler        [WEAK]
  190 0000001A                 EXPORT           GPIO_EVEN_IRQHandler        [WE
AK]
  191 0000001A                 EXPORT           TIMER0_IRQHandler        [WEAK]
  192 0000001A                 EXPORT           USART0_RX_IRQHandler        [WE
AK]
  193 0000001A                 EXPORT           USART0_TX_IRQHandler        [WE
AK]
  194 0000001A                 EXPORT           ACMP0_IRQHandler        [WEAK]
  195 0000001A                 EXPORT           ADC0_IRQHandler        [WEAK]
  196 0000001A                 EXPORT           IDAC0_IRQHandler        [WEAK]
  197 0000001A                 EXPORT           I2C0_IRQHandler        [WEAK]
  198 0000001A                 EXPORT           GPIO_ODD_IRQHandler        [WEA
K]
  199 0000001A                 EXPORT           TIMER1_IRQHandler        [WEAK]
  200 0000001A                 EXPORT           USART1_RX_IRQHandler        [WE
AK]
  201 0000001A                 EXPORT           USART1_TX_IRQHandler        [WE
AK]
  202 0000001A                 EXPORT           LEUART0_IRQHandler        [WEAK
]
  203 0000001A                 EXPORT           PCNT0_IRQHandler        [WEAK]
  204 0000001A                 EXPORT           CMU_IRQHandler        [WEAK]
  205 0000001A                 EXPORT           MSC_IRQHandler        [WEAK]
  206 0000001A                 EXPORT           CRYPTO_IRQHandler        [WEAK]
  207 0000001A                 EXPORT           LETIMER0_IRQHandler        [WEA
K]
  208 0000001A                 EXPORT           RTCC_IRQHandler        [WEAK]
  209 0000001A                 EXPORT           CRYOTIMER_IRQHandler        [WE
AK]
  210 0000001A         
  211 0000001A         
  212 0000001A         EMU_IRQHandler
  213 0000001A         WDOG0_IRQHandler
  214 0000001A         LDMA_IRQHandler
  215 0000001A         GPIO_EVEN_IRQHandler



ARM Macro Assembler    Page 6 


  216 0000001A         TIMER0_IRQHandler
  217 0000001A         USART0_RX_IRQHandler
  218 0000001A         USART0_TX_IRQHandler
  219 0000001A         ACMP0_IRQHandler
  220 0000001A         ADC0_IRQHandler
  221 0000001A         IDAC0_IRQHandler
  222 0000001A         I2C0_IRQHandler
  223 0000001A         GPIO_ODD_IRQHandler
  224 0000001A         TIMER1_IRQHandler
  225 0000001A         USART1_RX_IRQHandler
  226 0000001A         USART1_TX_IRQHandler
  227 0000001A         LEUART0_IRQHandler
  228 0000001A         PCNT0_IRQHandler
  229 0000001A         CMU_IRQHandler
  230 0000001A         MSC_IRQHandler
  231 0000001A         CRYPTO_IRQHandler
  232 0000001A         LETIMER0_IRQHandler
  233 0000001A         RTCC_IRQHandler
  234 0000001A         CRYOTIMER_IRQHandler
  235 0000001A E7FE            B                .
  236 0000001C                 ENDP
  237 0000001C         
  238 0000001C                 ALIGN
  239 0000001C         
  240 0000001C         ; User Initial Stack & Heap
  241 0000001C         
  242 0000001C                 IF               :DEF:__MICROLIB
  243 0000001C         
  244 0000001C                 EXPORT           __initial_sp
  245 0000001C                 EXPORT           __heap_base
  246 0000001C                 EXPORT           __heap_limit
  247 0000001C         
  248 0000001C                 ELSE
  263                          ENDIF
  264 0000001C         
  265 0000001C                 END
              00000000 
              00000000 
Command Line: --debug --xref --diag_suppress=9931 --cpu=Cortex-M3 --apcs=interw
ork --depend=.\objects\startup_efm32jg1b.d -o.\objects\startup_efm32jg1b.o -I..
\ -I..\Drivers\CMSIS\Include -I..\Drivers\CMSIS\Device\SiliconLabs\EFM32JG1B\In
clude -I..\Drivers\common\drivers -I..\Drivers\emdrv\common\inc -I..\Drivers\em
drv\spidrv\inc -I..\Drivers\emdrv\spidrv\config -I..\Drivers\emlib\inc -I..\Inc
 -IC:\Matescorp_Project\Farmking\source\Cow_Sensor_171214\MDK-ARM\RTE -IC:\Keil
_v5\ARM\PACK\Keil\EFM32JG1B_DFP\1.1.0 -IC:\Keil_v5\ARM\CMSIS\Include -IC:\Keil_
v5\ARM\PACK\Keil\EFM32JG1B_DFP\1.1.0\Device\EFM32JG1B\Include --predefine="__MI
CROLIB SETA 1" --predefine="__UVISION_VERSION SETA 514" --predefine="EFM32JG1B2
00F256IM48 SETA 1" --predefine="EFM32JG1B200F256GM48 SETA 1" --list=.\listings\
startup_efm32jg1b.lst ..\Drivers\CMSIS\Device\SiliconLabs\EFM32JG1B\Source\ARM\
startup_efm32jg1b.s



ARM Macro Assembler    Page 1 Alphabetic symbol ordering
Relocatable symbols

STACK 00000000

Symbol: STACK
   Definitions
      At line 37 in file ..\Drivers\CMSIS\Device\SiliconLabs\EFM32JG1B\Source\A
RM\startup_efm32jg1b.s
   Uses
      None
Comment: STACK unused
Stack_Mem 00000000

Symbol: Stack_Mem
   Definitions
      At line 38 in file ..\Drivers\CMSIS\Device\SiliconLabs\EFM32JG1B\Source\A
RM\startup_efm32jg1b.s
   Uses
      None
Comment: Stack_Mem unused
__initial_sp 00000400

Symbol: __initial_sp
   Definitions
      At line 39 in file ..\Drivers\CMSIS\Device\SiliconLabs\EFM32JG1B\Source\A
RM\startup_efm32jg1b.s
   Uses
      At line 68 in file ..\Drivers\CMSIS\Device\SiliconLabs\EFM32JG1B\Source\A
RM\startup_efm32jg1b.s
      At line 244 in file ..\Drivers\CMSIS\Device\SiliconLabs\EFM32JG1B\Source\
ARM\startup_efm32jg1b.s

3 symbols



ARM Macro Assembler    Page 1 Alphabetic symbol ordering
Relocatable symbols

HEAP 00000000

Symbol: HEAP
   Definitions
      At line 51 in file ..\Drivers\CMSIS\Device\SiliconLabs\EFM32JG1B\Source\A
RM\startup_efm32jg1b.s
   Uses
      None
Comment: HEAP unused
Heap_Mem 00000000

Symbol: Heap_Mem
   Definitions
      At line 53 in file ..\Drivers\CMSIS\Device\SiliconLabs\EFM32JG1B\Source\A
RM\startup_efm32jg1b.s
   Uses
      None
Comment: Heap_Mem unused
__heap_base 00000000

Symbol: __heap_base
   Definitions
      At line 52 in file ..\Drivers\CMSIS\Device\SiliconLabs\EFM32JG1B\Source\A
RM\startup_efm32jg1b.s
   Uses
      At line 245 in file ..\Drivers\CMSIS\Device\SiliconLabs\EFM32JG1B\Source\
ARM\startup_efm32jg1b.s
Comment: __heap_base used once
__heap_limit 00000C00

Symbol: __heap_limit
   Definitions
      At line 54 in file ..\Drivers\CMSIS\Device\SiliconLabs\EFM32JG1B\Source\A
RM\startup_efm32jg1b.s
   Uses
      At line 246 in file ..\Drivers\CMSIS\Device\SiliconLabs\EFM32JG1B\Source\
ARM\startup_efm32jg1b.s
Comment: __heap_limit used once
4 symbols



ARM Macro Assembler    Page 1 Alphabetic symbol ordering
Relocatable symbols

RESET 00000000

Symbol: RESET
   Definitions
      At line 63 in file ..\Drivers\CMSIS\Device\SiliconLabs\EFM32JG1B\Source\A
RM\startup_efm32jg1b.s
   Uses
      None
Comment: RESET unused
__Vectors 00000000

Symbol: __Vectors
   Definitions
      At line 68 in file ..\Drivers\CMSIS\Device\SiliconLabs\EFM32JG1B\Source\A
RM\startup_efm32jg1b.s
   Uses
      At line 64 in file ..\Drivers\CMSIS\Device\SiliconLabs\EFM32JG1B\Source\A
RM\startup_efm32jg1b.s
      At line 123 in file ..\Drivers\CMSIS\Device\SiliconLabs\EFM32JG1B\Source\
ARM\startup_efm32jg1b.s

__Vectors_End 000000C8

Symbol: __Vectors_End
   Definitions
      At line 122 in file ..\Drivers\CMSIS\Device\SiliconLabs\EFM32JG1B\Source\
ARM\startup_efm32jg1b.s
   Uses
      At line 65 in file ..\Drivers\CMSIS\Device\SiliconLabs\EFM32JG1B\Source\A
RM\startup_efm32jg1b.s
      At line 123 in file ..\Drivers\CMSIS\Device\SiliconLabs\EFM32JG1B\Source\
ARM\startup_efm32jg1b.s

3 symbols



ARM Macro Assembler    Page 1 Alphabetic symbol ordering
Relocatable symbols

.text 00000000

Symbol: .text
   Definitions
      At line 125 in file ..\Drivers\CMSIS\Device\SiliconLabs\EFM32JG1B\Source\
ARM\startup_efm32jg1b.s
   Uses
      None
Comment: .text unused
ACMP0_IRQHandler 0000001A

Symbol: ACMP0_IRQHandler
   Definitions
      At line 219 in file ..\Drivers\CMSIS\Device\SiliconLabs\EFM32JG1B\Source\
ARM\startup_efm32jg1b.s
   Uses
      At line 100 in file ..\Drivers\CMSIS\Device\SiliconLabs\EFM32JG1B\Source\
ARM\startup_efm32jg1b.s
      At line 194 in file ..\Drivers\CMSIS\Device\SiliconLabs\EFM32JG1B\Source\
ARM\startup_efm32jg1b.s

ADC0_IRQHandler 0000001A

Symbol: ADC0_IRQHandler
   Definitions
      At line 220 in file ..\Drivers\CMSIS\Device\SiliconLabs\EFM32JG1B\Source\
ARM\startup_efm32jg1b.s
   Uses
      At line 101 in file ..\Drivers\CMSIS\Device\SiliconLabs\EFM32JG1B\Source\
ARM\startup_efm32jg1b.s
      At line 195 in file ..\Drivers\CMSIS\Device\SiliconLabs\EFM32JG1B\Source\
ARM\startup_efm32jg1b.s

BusFault_Handler 0000000E

Symbol: BusFault_Handler
   Definitions
      At line 158 in file ..\Drivers\CMSIS\Device\SiliconLabs\EFM32JG1B\Source\
ARM\startup_efm32jg1b.s
   Uses
      At line 73 in file ..\Drivers\CMSIS\Device\SiliconLabs\EFM32JG1B\Source\A
RM\startup_efm32jg1b.s
      At line 159 in file ..\Drivers\CMSIS\Device\SiliconLabs\EFM32JG1B\Source\
ARM\startup_efm32jg1b.s

CMU_IRQHandler 0000001A

Symbol: CMU_IRQHandler
   Definitions
      At line 229 in file ..\Drivers\CMSIS\Device\SiliconLabs\EFM32JG1B\Source\
ARM\startup_efm32jg1b.s
   Uses
      At line 110 in file ..\Drivers\CMSIS\Device\SiliconLabs\EFM32JG1B\Source\
ARM\startup_efm32jg1b.s
      At line 204 in file ..\Drivers\CMSIS\Device\SiliconLabs\EFM32JG1B\Source\
ARM\startup_efm32jg1b.s

CRYOTIMER_IRQHandler 0000001A




ARM Macro Assembler    Page 2 Alphabetic symbol ordering
Relocatable symbols

Symbol: CRYOTIMER_IRQHandler
   Definitions
      At line 234 in file ..\Drivers\CMSIS\Device\SiliconLabs\EFM32JG1B\Source\
ARM\startup_efm32jg1b.s
   Uses
      At line 118 in file ..\Drivers\CMSIS\Device\SiliconLabs\EFM32JG1B\Source\
ARM\startup_efm32jg1b.s
      At line 209 in file ..\Drivers\CMSIS\Device\SiliconLabs\EFM32JG1B\Source\
ARM\startup_efm32jg1b.s

CRYPTO_IRQHandler 0000001A

Symbol: CRYPTO_IRQHandler
   Definitions
      At line 231 in file ..\Drivers\CMSIS\Device\SiliconLabs\EFM32JG1B\Source\
ARM\startup_efm32jg1b.s
   Uses
      At line 112 in file ..\Drivers\CMSIS\Device\SiliconLabs\EFM32JG1B\Source\
ARM\startup_efm32jg1b.s
      At line 206 in file ..\Drivers\CMSIS\Device\SiliconLabs\EFM32JG1B\Source\
ARM\startup_efm32jg1b.s

DebugMon_Handler 00000014

Symbol: DebugMon_Handler
   Definitions
      At line 172 in file ..\Drivers\CMSIS\Device\SiliconLabs\EFM32JG1B\Source\
ARM\startup_efm32jg1b.s
   Uses
      At line 80 in file ..\Drivers\CMSIS\Device\SiliconLabs\EFM32JG1B\Source\A
RM\startup_efm32jg1b.s
      At line 173 in file ..\Drivers\CMSIS\Device\SiliconLabs\EFM32JG1B\Source\
ARM\startup_efm32jg1b.s

Default_Handler 0000001A

Symbol: Default_Handler
   Definitions
      At line 185 in file ..\Drivers\CMSIS\Device\SiliconLabs\EFM32JG1B\Source\
ARM\startup_efm32jg1b.s
   Uses
      None
Comment: Default_Handler unused
EMU_IRQHandler 0000001A

Symbol: EMU_IRQHandler
   Definitions
      At line 212 in file ..\Drivers\CMSIS\Device\SiliconLabs\EFM32JG1B\Source\
ARM\startup_efm32jg1b.s
   Uses
      At line 87 in file ..\Drivers\CMSIS\Device\SiliconLabs\EFM32JG1B\Source\A
RM\startup_efm32jg1b.s
      At line 187 in file ..\Drivers\CMSIS\Device\SiliconLabs\EFM32JG1B\Source\
ARM\startup_efm32jg1b.s

GPIO_EVEN_IRQHandler 0000001A

Symbol: GPIO_EVEN_IRQHandler
   Definitions



ARM Macro Assembler    Page 3 Alphabetic symbol ordering
Relocatable symbols

      At line 215 in file ..\Drivers\CMSIS\Device\SiliconLabs\EFM32JG1B\Source\
ARM\startup_efm32jg1b.s
   Uses
      At line 96 in file ..\Drivers\CMSIS\Device\SiliconLabs\EFM32JG1B\Source\A
RM\startup_efm32jg1b.s
      At line 190 in file ..\Drivers\CMSIS\Device\SiliconLabs\EFM32JG1B\Source\
ARM\startup_efm32jg1b.s

GPIO_ODD_IRQHandler 0000001A

Symbol: GPIO_ODD_IRQHandler
   Definitions
      At line 223 in file ..\Drivers\CMSIS\Device\SiliconLabs\EFM32JG1B\Source\
ARM\startup_efm32jg1b.s
   Uses
      At line 104 in file ..\Drivers\CMSIS\Device\SiliconLabs\EFM32JG1B\Source\
ARM\startup_efm32jg1b.s
      At line 198 in file ..\Drivers\CMSIS\Device\SiliconLabs\EFM32JG1B\Source\
ARM\startup_efm32jg1b.s

HardFault_Handler 0000000A

Symbol: HardFault_Handler
   Definitions
      At line 148 in file ..\Drivers\CMSIS\Device\SiliconLabs\EFM32JG1B\Source\
ARM\startup_efm32jg1b.s
   Uses
      At line 71 in file ..\Drivers\CMSIS\Device\SiliconLabs\EFM32JG1B\Source\A
RM\startup_efm32jg1b.s
      At line 149 in file ..\Drivers\CMSIS\Device\SiliconLabs\EFM32JG1B\Source\
ARM\startup_efm32jg1b.s

I2C0_IRQHandler 0000001A

Symbol: I2C0_IRQHandler
   Definitions
      At line 222 in file ..\Drivers\CMSIS\Device\SiliconLabs\EFM32JG1B\Source\
ARM\startup_efm32jg1b.s
   Uses
      At line 103 in file ..\Drivers\CMSIS\Device\SiliconLabs\EFM32JG1B\Source\
ARM\startup_efm32jg1b.s
      At line 197 in file ..\Drivers\CMSIS\Device\SiliconLabs\EFM32JG1B\Source\
ARM\startup_efm32jg1b.s

IDAC0_IRQHandler 0000001A

Symbol: IDAC0_IRQHandler
   Definitions
      At line 221 in file ..\Drivers\CMSIS\Device\SiliconLabs\EFM32JG1B\Source\
ARM\startup_efm32jg1b.s
   Uses
      At line 102 in file ..\Drivers\CMSIS\Device\SiliconLabs\EFM32JG1B\Source\
ARM\startup_efm32jg1b.s
      At line 196 in file ..\Drivers\CMSIS\Device\SiliconLabs\EFM32JG1B\Source\
ARM\startup_efm32jg1b.s

LDMA_IRQHandler 0000001A

Symbol: LDMA_IRQHandler



ARM Macro Assembler    Page 4 Alphabetic symbol ordering
Relocatable symbols

   Definitions
      At line 214 in file ..\Drivers\CMSIS\Device\SiliconLabs\EFM32JG1B\Source\
ARM\startup_efm32jg1b.s
   Uses
      At line 95 in file ..\Drivers\CMSIS\Device\SiliconLabs\EFM32JG1B\Source\A
RM\startup_efm32jg1b.s
      At line 189 in file ..\Drivers\CMSIS\Device\SiliconLabs\EFM32JG1B\Source\
ARM\startup_efm32jg1b.s

LETIMER0_IRQHandler 0000001A

Symbol: LETIMER0_IRQHandler
   Definitions
      At line 232 in file ..\Drivers\CMSIS\Device\SiliconLabs\EFM32JG1B\Source\
ARM\startup_efm32jg1b.s
   Uses
      At line 113 in file ..\Drivers\CMSIS\Device\SiliconLabs\EFM32JG1B\Source\
ARM\startup_efm32jg1b.s
      At line 207 in file ..\Drivers\CMSIS\Device\SiliconLabs\EFM32JG1B\Source\
ARM\startup_efm32jg1b.s

LEUART0_IRQHandler 0000001A

Symbol: LEUART0_IRQHandler
   Definitions
      At line 227 in file ..\Drivers\CMSIS\Device\SiliconLabs\EFM32JG1B\Source\
ARM\startup_efm32jg1b.s
   Uses
      At line 108 in file ..\Drivers\CMSIS\Device\SiliconLabs\EFM32JG1B\Source\
ARM\startup_efm32jg1b.s
      At line 202 in file ..\Drivers\CMSIS\Device\SiliconLabs\EFM32JG1B\Source\
ARM\startup_efm32jg1b.s

MSC_IRQHandler 0000001A

Symbol: MSC_IRQHandler
   Definitions
      At line 230 in file ..\Drivers\CMSIS\Device\SiliconLabs\EFM32JG1B\Source\
ARM\startup_efm32jg1b.s
   Uses
      At line 111 in file ..\Drivers\CMSIS\Device\SiliconLabs\EFM32JG1B\Source\
ARM\startup_efm32jg1b.s
      At line 205 in file ..\Drivers\CMSIS\Device\SiliconLabs\EFM32JG1B\Source\
ARM\startup_efm32jg1b.s

MemManage_Handler 0000000C

Symbol: MemManage_Handler
   Definitions
      At line 153 in file ..\Drivers\CMSIS\Device\SiliconLabs\EFM32JG1B\Source\
ARM\startup_efm32jg1b.s
   Uses
      At line 72 in file ..\Drivers\CMSIS\Device\SiliconLabs\EFM32JG1B\Source\A
RM\startup_efm32jg1b.s
      At line 154 in file ..\Drivers\CMSIS\Device\SiliconLabs\EFM32JG1B\Source\
ARM\startup_efm32jg1b.s

NMI_Handler 00000008




ARM Macro Assembler    Page 5 Alphabetic symbol ordering
Relocatable symbols

Symbol: NMI_Handler
   Definitions
      At line 143 in file ..\Drivers\CMSIS\Device\SiliconLabs\EFM32JG1B\Source\
ARM\startup_efm32jg1b.s
   Uses
      At line 70 in file ..\Drivers\CMSIS\Device\SiliconLabs\EFM32JG1B\Source\A
RM\startup_efm32jg1b.s
      At line 144 in file ..\Drivers\CMSIS\Device\SiliconLabs\EFM32JG1B\Source\
ARM\startup_efm32jg1b.s

PCNT0_IRQHandler 0000001A

Symbol: PCNT0_IRQHandler
   Definitions
      At line 228 in file ..\Drivers\CMSIS\Device\SiliconLabs\EFM32JG1B\Source\
ARM\startup_efm32jg1b.s
   Uses
      At line 109 in file ..\Drivers\CMSIS\Device\SiliconLabs\EFM32JG1B\Source\
ARM\startup_efm32jg1b.s
      At line 203 in file ..\Drivers\CMSIS\Device\SiliconLabs\EFM32JG1B\Source\
ARM\startup_efm32jg1b.s

PendSV_Handler 00000016

Symbol: PendSV_Handler
   Definitions
      At line 176 in file ..\Drivers\CMSIS\Device\SiliconLabs\EFM32JG1B\Source\
ARM\startup_efm32jg1b.s
   Uses
      At line 82 in file ..\Drivers\CMSIS\Device\SiliconLabs\EFM32JG1B\Source\A
RM\startup_efm32jg1b.s
      At line 177 in file ..\Drivers\CMSIS\Device\SiliconLabs\EFM32JG1B\Source\
ARM\startup_efm32jg1b.s

RTCC_IRQHandler 0000001A

Symbol: RTCC_IRQHandler
   Definitions
      At line 233 in file ..\Drivers\CMSIS\Device\SiliconLabs\EFM32JG1B\Source\
ARM\startup_efm32jg1b.s
   Uses
      At line 116 in file ..\Drivers\CMSIS\Device\SiliconLabs\EFM32JG1B\Source\
ARM\startup_efm32jg1b.s
      At line 208 in file ..\Drivers\CMSIS\Device\SiliconLabs\EFM32JG1B\Source\
ARM\startup_efm32jg1b.s

Reset_Handler 00000000

Symbol: Reset_Handler
   Definitions
      At line 130 in file ..\Drivers\CMSIS\Device\SiliconLabs\EFM32JG1B\Source\
ARM\startup_efm32jg1b.s
   Uses
      At line 69 in file ..\Drivers\CMSIS\Device\SiliconLabs\EFM32JG1B\Source\A
RM\startup_efm32jg1b.s
      At line 131 in file ..\Drivers\CMSIS\Device\SiliconLabs\EFM32JG1B\Source\
ARM\startup_efm32jg1b.s

SVC_Handler 00000012



ARM Macro Assembler    Page 6 Alphabetic symbol ordering
Relocatable symbols


Symbol: SVC_Handler
   Definitions
      At line 167 in file ..\Drivers\CMSIS\Device\SiliconLabs\EFM32JG1B\Source\
ARM\startup_efm32jg1b.s
   Uses
      At line 79 in file ..\Drivers\CMSIS\Device\SiliconLabs\EFM32JG1B\Source\A
RM\startup_efm32jg1b.s
      At line 168 in file ..\Drivers\CMSIS\Device\SiliconLabs\EFM32JG1B\Source\
ARM\startup_efm32jg1b.s

SysTick_Handler 00000018

Symbol: SysTick_Handler
   Definitions
      At line 180 in file ..\Drivers\CMSIS\Device\SiliconLabs\EFM32JG1B\Source\
ARM\startup_efm32jg1b.s
   Uses
      At line 83 in file ..\Drivers\CMSIS\Device\SiliconLabs\EFM32JG1B\Source\A
RM\startup_efm32jg1b.s
      At line 181 in file ..\Drivers\CMSIS\Device\SiliconLabs\EFM32JG1B\Source\
ARM\startup_efm32jg1b.s

TIMER0_IRQHandler 0000001A

Symbol: TIMER0_IRQHandler
   Definitions
      At line 216 in file ..\Drivers\CMSIS\Device\SiliconLabs\EFM32JG1B\Source\
ARM\startup_efm32jg1b.s
   Uses
      At line 97 in file ..\Drivers\CMSIS\Device\SiliconLabs\EFM32JG1B\Source\A
RM\startup_efm32jg1b.s
      At line 191 in file ..\Drivers\CMSIS\Device\SiliconLabs\EFM32JG1B\Source\
ARM\startup_efm32jg1b.s

TIMER1_IRQHandler 0000001A

Symbol: TIMER1_IRQHandler
   Definitions
      At line 224 in file ..\Drivers\CMSIS\Device\SiliconLabs\EFM32JG1B\Source\
ARM\startup_efm32jg1b.s
   Uses
      At line 105 in file ..\Drivers\CMSIS\Device\SiliconLabs\EFM32JG1B\Source\
ARM\startup_efm32jg1b.s
      At line 199 in file ..\Drivers\CMSIS\Device\SiliconLabs\EFM32JG1B\Source\
ARM\startup_efm32jg1b.s

USART0_RX_IRQHandler 0000001A

Symbol: USART0_RX_IRQHandler
   Definitions
      At line 217 in file ..\Drivers\CMSIS\Device\SiliconLabs\EFM32JG1B\Source\
ARM\startup_efm32jg1b.s
   Uses
      At line 98 in file ..\Drivers\CMSIS\Device\SiliconLabs\EFM32JG1B\Source\A
RM\startup_efm32jg1b.s
      At line 192 in file ..\Drivers\CMSIS\Device\SiliconLabs\EFM32JG1B\Source\
ARM\startup_efm32jg1b.s




ARM Macro Assembler    Page 7 Alphabetic symbol ordering
Relocatable symbols

USART0_TX_IRQHandler 0000001A

Symbol: USART0_TX_IRQHandler
   Definitions
      At line 218 in file ..\Drivers\CMSIS\Device\SiliconLabs\EFM32JG1B\Source\
ARM\startup_efm32jg1b.s
   Uses
      At line 99 in file ..\Drivers\CMSIS\Device\SiliconLabs\EFM32JG1B\Source\A
RM\startup_efm32jg1b.s
      At line 193 in file ..\Drivers\CMSIS\Device\SiliconLabs\EFM32JG1B\Source\
ARM\startup_efm32jg1b.s

USART1_RX_IRQHandler 0000001A

Symbol: USART1_RX_IRQHandler
   Definitions
      At line 225 in file ..\Drivers\CMSIS\Device\SiliconLabs\EFM32JG1B\Source\
ARM\startup_efm32jg1b.s
   Uses
      At line 106 in file ..\Drivers\CMSIS\Device\SiliconLabs\EFM32JG1B\Source\
ARM\startup_efm32jg1b.s
      At line 200 in file ..\Drivers\CMSIS\Device\SiliconLabs\EFM32JG1B\Source\
ARM\startup_efm32jg1b.s

USART1_TX_IRQHandler 0000001A

Symbol: USART1_TX_IRQHandler
   Definitions
      At line 226 in file ..\Drivers\CMSIS\Device\SiliconLabs\EFM32JG1B\Source\
ARM\startup_efm32jg1b.s
   Uses
      At line 107 in file ..\Drivers\CMSIS\Device\SiliconLabs\EFM32JG1B\Source\
ARM\startup_efm32jg1b.s
      At line 201 in file ..\Drivers\CMSIS\Device\SiliconLabs\EFM32JG1B\Source\
ARM\startup_efm32jg1b.s

UsageFault_Handler 00000010

Symbol: UsageFault_Handler
   Definitions
      At line 163 in file ..\Drivers\CMSIS\Device\SiliconLabs\EFM32JG1B\Source\
ARM\startup_efm32jg1b.s
   Uses
      At line 74 in file ..\Drivers\CMSIS\Device\SiliconLabs\EFM32JG1B\Source\A
RM\startup_efm32jg1b.s
      At line 164 in file ..\Drivers\CMSIS\Device\SiliconLabs\EFM32JG1B\Source\
ARM\startup_efm32jg1b.s

WDOG0_IRQHandler 0000001A

Symbol: WDOG0_IRQHandler
   Definitions
      At line 213 in file ..\Drivers\CMSIS\Device\SiliconLabs\EFM32JG1B\Source\
ARM\startup_efm32jg1b.s
   Uses
      At line 89 in file ..\Drivers\CMSIS\Device\SiliconLabs\EFM32JG1B\Source\A
RM\startup_efm32jg1b.s
      At line 188 in file ..\Drivers\CMSIS\Device\SiliconLabs\EFM32JG1B\Source\
ARM\startup_efm32jg1b.s



ARM Macro Assembler    Page 8 Alphabetic symbol ordering
Relocatable symbols


35 symbols



ARM Macro Assembler    Page 1 Alphabetic symbol ordering
Absolute symbols

Heap_Size 00000C00

Symbol: Heap_Size
   Definitions
      At line 48 in file ..\Drivers\CMSIS\Device\SiliconLabs\EFM32JG1B\Source\A
RM\startup_efm32jg1b.s
   Uses
      At line 53 in file ..\Drivers\CMSIS\Device\SiliconLabs\EFM32JG1B\Source\A
RM\startup_efm32jg1b.s
Comment: Heap_Size used once
Stack_Size 00000400

Symbol: Stack_Size
   Definitions
      At line 34 in file ..\Drivers\CMSIS\Device\SiliconLabs\EFM32JG1B\Source\A
RM\startup_efm32jg1b.s
   Uses
      At line 38 in file ..\Drivers\CMSIS\Device\SiliconLabs\EFM32JG1B\Source\A
RM\startup_efm32jg1b.s
Comment: Stack_Size used once
__Vectors_Size 000000C8

Symbol: __Vectors_Size
   Definitions
      At line 123 in file ..\Drivers\CMSIS\Device\SiliconLabs\EFM32JG1B\Source\
ARM\startup_efm32jg1b.s
   Uses
      At line 66 in file ..\Drivers\CMSIS\Device\SiliconLabs\EFM32JG1B\Source\A
RM\startup_efm32jg1b.s
Comment: __Vectors_Size used once
3 symbols



ARM Macro Assembler    Page 1 Alphabetic symbol ordering
External symbols

SystemInit 00000000

Symbol: SystemInit
   Definitions
      At line 132 in file ..\Drivers\CMSIS\Device\SiliconLabs\EFM32JG1B\Source\
ARM\startup_efm32jg1b.s
   Uses
      At line 134 in file ..\Drivers\CMSIS\Device\SiliconLabs\EFM32JG1B\Source\
ARM\startup_efm32jg1b.s
Comment: SystemInit used once
__main 00000000

Symbol: __main
   Definitions
      At line 133 in file ..\Drivers\CMSIS\Device\SiliconLabs\EFM32JG1B\Source\
ARM\startup_efm32jg1b.s
   Uses
      At line 136 in file ..\Drivers\CMSIS\Device\SiliconLabs\EFM32JG1B\Source\
ARM\startup_efm32jg1b.s
Comment: __main used once
2 symbols
390 symbols in table
